<?xml version="1.0" encoding="UTF-8"?>
<!-- Generated by org.testng.reporters.JUnitReportReporter -->
<testsuite name="com.techm.testcases.TC001_HomePageValidation" tests="1" time="27.731" ignored="0" failures="0" timestamp="05 Jun 2019 10:50:37 GMT" skipped="0" hostname="Lenovo-PC" errors="0">
  <testcase name="TC001" time="27.731" classname="com.techm.testcases.TC001_HomePageValidation"/>
</testsuite> <!-- com.techm.testcases.TC001_HomePageValidation -->
